2024-05-23 21:22:21.969 [info] (Client) Pylance async client (2024.5.1) started with python extension (2024.6.0)
2024-05-23 21:22:22.425 [info] [Info  - 9:22:22 PM] (5536) Pylance language server 2024.5.1 (pyright version 1.1.360, commit 4bc8428d) starting
2024-05-23 21:22:22.426 [info] [Info  - 9:22:22 PM] (5536) Server root directory: file:///home/duongtruonglgcns/.vscode-server/extensions/ms-python.vscode-pylance-2024.5.1/dist
2024-05-23 21:22:22.426 [info] [Info  - 9:22:22 PM] (5536) Starting service instance "workspace"
2024-05-23 21:22:22.428 [info] [Info  - 9:22:22 PM] (5536) Auto-Indent enabled
2024-05-23 21:22:22.496 [info] [Info  - 9:22:22 PM] (5536) Setting environmentName for service "workspace": "C:\Users\63200328\AppData\Local\Programs\Python\Python312\python.exe"
2024-05-23 21:22:22.607 [info] [Info  - 9:22:22 PM] (5536) Found 1 source file
2024-05-23 21:22:22.867 [info] [Info  - 9:22:22 PM] (5536) Background analysis(1) root directory: file:///home/duongtruonglgcns/.vscode-server/extensions/ms-python.vscode-pylance-2024.5.1/dist
2024-05-23 21:22:22.871 [info] [Info  - 9:22:22 PM] (5536) Background analysis(1) started
2024-05-23 21:22:23.127 [info] [Info  - 9:22:23 PM] (5536) Indexer background runner(2) root directory: file:///home/duongtruonglgcns/.vscode-server/extensions/ms-python.vscode-pylance-2024.5.1/dist (index)
2024-05-23 21:22:23.128 [info] [Info  - 9:22:23 PM] (5536) Indexing(2) started
2024-05-23 21:22:23.543 [info] [Info  - 9:22:23 PM] (5536) scanned(2) 39 files over 1 exec env
2024-05-23 21:22:24.445 [info] [Info  - 9:22:24 PM] (5536) indexed(2) 17 files over 1 exec env
2024-05-23 21:22:24.485 [info] [Info  - 9:22:24 PM] (5536) Indexing finished(2).
2024-05-23 21:23:05.736 [info] [Info  - 9:23:05 PM] Server process exited successfully
2024-05-23 21:23:06.298 [info] (Client) Pylance async client (2024.5.1) started with python extension (2024.6.0)
2024-05-23 21:23:06.717 [info] [Info  - 9:23:06 PM] (5702) Pylance language server 2024.5.1 (pyright version 1.1.360, commit 4bc8428d) starting
2024-05-23 21:23:06.717 [info] [Info  - 9:23:06 PM] (5702) Server root directory: file:///home/duongtruonglgcns/.vscode-server/extensions/ms-python.vscode-pylance-2024.5.1/dist
2024-05-23 21:23:06.725 [info] [Info  - 9:23:06 PM] (5702) Starting service instance "workspace"
2024-05-23 21:23:06.733 [info] [Info  - 9:23:06 PM] (5702) Auto-Indent enabled
2024-05-23 21:23:06.785 [info] [Info  - 9:23:06 PM] (5702) Setting environmentName for service "workspace": "C:\Users\63200328\AppData\Local\Programs\Python\Python312\python.exe"
2024-05-23 21:23:06.894 [info] [Info  - 9:23:06 PM] (5702) Found 1 source file
2024-05-23 21:23:07.393 [info] [Info  - 9:23:07 PM] (5702) Background analysis(1) root directory: file:///home/duongtruonglgcns/.vscode-server/extensions/ms-python.vscode-pylance-2024.5.1/dist
2024-05-23 21:23:07.396 [info] [Info  - 9:23:07 PM] (5702) Background analysis(1) started
2024-05-23 21:23:07.578 [info] [Info  - 9:23:07 PM] (5702) Indexer background runner(2) root directory: file:///home/duongtruonglgcns/.vscode-server/extensions/ms-python.vscode-pylance-2024.5.1/dist (index)
2024-05-23 21:23:07.578 [info] [Info  - 9:23:07 PM] (5702) Indexing(2) started
2024-05-23 21:23:08.160 [info] [Info  - 9:23:08 PM] (5702) scanned(2) 39 files over 1 exec env
2024-05-23 21:23:08.434 [info] [Info  - 9:23:08 PM] (5702) indexed(2) 17 files over 1 exec env
2024-05-23 21:23:08.466 [info] [Info  - 9:23:08 PM] (5702) Indexing finished(2).
2024-05-23 23:50:14.867 [info] [Info  - 11:50:14 PM] (5702) Setting environmentName for service "workspace": "C:\Users\63200328\AppData\Local\Programs\Python\Python312\python.exe"
2024-05-23 23:50:15.047 [info] [Info  - 11:50:15 PM] (5702) Found 1 source file
2024-05-23 23:50:15.735 [info] [Info  - 11:50:15 PM] (5702) Indexer background runner(3) root directory: file:///home/duongtruonglgcns/.vscode-server/extensions/ms-python.vscode-pylance-2024.5.1/dist (index)
2024-05-23 23:50:15.735 [info] [Info  - 11:50:15 PM] (5702) Indexing(3) started
2024-05-23 23:50:16.024 [info] [Info  - 11:50:16 PM] (5702) scanned(3) 39 files over 1 exec env
2024-05-23 23:50:16.268 [info] [Info  - 11:50:16 PM] (5702) indexed(3) 17 files over 1 exec env
2024-05-23 23:50:16.295 [info] [Info  - 11:50:16 PM] (5702) Indexing finished(3).
2024-05-23 23:50:25.896 [info] [Info  - 11:50:25 PM] (5702) Setting pythonPath for service "workspace": "/bin/python3"
2024-05-23 23:50:25.896 [info] [Info  - 11:50:25 PM] (5702) Setting environmentName for service "workspace": "3.10.12 (global)"
2024-05-23 23:50:25.936 [info] [Info  - 11:50:25 PM] (5702) Assuming Python version 3.10.12.final.0
2024-05-23 23:50:26.041 [info] [Info  - 11:50:26 PM] (5702) Found 1 source file
2024-05-23 23:50:26.571 [info] [Info  - 11:50:26 PM] (5702) Indexer background runner(4) root directory: file:///home/duongtruonglgcns/.vscode-server/extensions/ms-python.vscode-pylance-2024.5.1/dist (index)
2024-05-23 23:50:26.572 [info] [Info  - 11:50:26 PM] (5702) Indexing(4) started
2024-05-23 23:50:26.881 [info] [Info  - 11:50:26 PM] (5702) scanned(4) 39 files over 1 exec env
2024-05-23 23:50:27.110 [info] [Info  - 11:50:27 PM] (5702) indexed(4) 17 files over 1 exec env
2024-05-23 23:50:27.136 [info] [Info  - 11:50:27 PM] (5702) Indexing finished(4).
2024-05-23 23:50:52.086 [info] [Info  - 11:50:52 PM] (5702) Setting pythonPath for service "workspace": "/home/duongtruonglgcns/workspace/.venv/bin/python"
2024-05-23 23:50:52.087 [info] [Info  - 11:50:52 PM] (5702) Setting environmentName for service "workspace": "3.10.12 (.venv venv)"
2024-05-23 23:50:52.119 [info] [Info  - 11:50:52 PM] (5702) Assuming Python version 3.10.12.final.0
2024-05-23 23:50:52.242 [info] [Info  - 11:50:52 PM] (5702) Found 1 source file
2024-05-23 23:50:52.894 [info] [Info  - 11:50:52 PM] (5702) Indexer background runner(5) root directory: file:///home/duongtruonglgcns/.vscode-server/extensions/ms-python.vscode-pylance-2024.5.1/dist (index)
2024-05-23 23:50:52.894 [info] [Info  - 11:50:52 PM] (5702) Indexing(5) started
2024-05-23 23:50:53.182 [info] [Info  - 11:50:53 PM] (5702) scanned(5) 9 files over 1 exec env
2024-05-23 23:50:53.424 [info] [Info  - 11:50:53 PM] (5702) indexed(5) 2 files over 1 exec env
2024-05-23 23:50:53.440 [info] [Info  - 11:50:53 PM] (5702) Indexing finished(5).
